2020-02-18
ERROR
com.mysql.cj.jdbc.exceptions.MysqlDataTruncation: Data truncation: Incorrect datetime value: '2040-06-09' for column 'discontinued' at row 1

2020-02-19
ERROR
java.sql.SQLException: Parameter index out of range (1 > number of parameters, which is 0).

2020-02-19
ERROR
java.sql.SQLException: Parameter index out of range (1 > number of parameters, which is 0).

2020-02-19
ERROR
java.sql.SQLException: Parameter index out of range (1 > number of parameters, which is 0).

2020-02-19
ERROR
java.sql.SQLIntegrityConstraintViolationException: Column 'id' in where clause is ambiguous

2020-02-19
ERROR
java.sql.SQLIntegrityConstraintViolationException: Column 'id' in where clause is ambiguous

2020-02-19
ERROR
java.sql.SQLException: Parameter index out of range (1 > number of parameters, which is 0).

2020-02-19
ERROR
java.sql.SQLException: Before start of result set

2020-02-19
ERROR
java.sql.SQLException: Before start of result set

